# JRE version: Java(TM) SE Runtime Environment (8.0_20-b26) (build 1.8.0_20-b26)
# Java VM: Java HotSpot(TM) 64-Bit Server VM (25.20-b23 mixed mode linux-amd64 compressed oops)
Heap:
 PSYoungGen      total 71168K, used 44435K [0x00000000eab00000, 0x00000000f3500000, 0x0000000100000000)
  eden space 62464K, 64% used [0x00000000eab00000,0x00000000ed216df8,0x00000000ee800000)
  from space 8704K, 50% used [0x00000000ee800000,0x00000000eec4e180,0x00000000ef080000)
  to   space 8192K, 0% used [0x00000000f2d00000,0x00000000f2d00000,0x00000000f3500000)
 ParOldGen       total 42496K, used 10014K [0x00000000c0000000, 0x00000000c2980000, 0x00000000eab00000)
  object space 42496K, 23% used [0x00000000c0000000,0x00000000c09c7868,0x00000000c2980000)
 Metaspace       used 18500K, capacity 18996K, committed 19328K, reserved 1067008K
  class space    used 2486K, capacity 2630K, committed 2688K, reserved 1048576K
GC Heap History (10 events):
Event: 1.433 GC heap before
{Heap before GC invocations=3 (full 0):
 PSYoungGen      total 18432K, used 18409K [0x00000000eab00000, 0x00000000ecf00000, 0x0000000100000000)
  eden space 15872K, 99% used [0x00000000eab00000,0x00000000eba7f848,0x00000000eba80000)
  from space 2560K, 99% used [0x00000000ebd00000,0x00000000ebf7ad38,0x00000000ebf80000)
  to   space 2560K, 0% used [0x00000000eba80000,0x00000000eba80000,0x00000000ebd00000)
 ParOldGen       total 42496K, used 722K [0x00000000c0000000, 0x00000000c2980000, 0x00000000eab00000)
  object space 42496K, 1% used [0x00000000c0000000,0x00000000c00b4850,0x00000000c2980000)
 Metaspace       used 9499K, capacity 9832K, committed 10112K, reserved 1058816K
  class space    used 1273K, capacity 1358K, committed 1408K, reserved 1048576K
Event: 1.443 GC heap after
Heap after GC invocations=3 (full 0):
 PSYoungGen      total 18432K, used 2546K [0x00000000eab00000, 0x00000000ecf00000, 0x0000000100000000)
  eden space 15872K, 0% used [0x00000000eab00000,0x00000000eab00000,0x00000000eba80000)
  from space 2560K, 99% used [0x00000000eba80000,0x00000000ebcfcb70,0x00000000ebd00000)
  to   space 2560K, 0% used [0x00000000ecc80000,0x00000000ecc80000,0x00000000ecf00000)
 ParOldGen       total 42496K, used 2256K [0x00000000c0000000, 0x00000000c2980000, 0x00000000eab00000)
  object space 42496K, 5% used [0x00000000c0000000,0x00000000c0234148,0x00000000c2980000)
 Metaspace       used 9499K, capacity 9832K, committed 10112K, reserved 1058816K
  class space    used 1273K, capacity 1358K, committed 1408K, reserved 1048576K
}
Event: 2.436 GC heap before
{Heap before GC invocations=4 (full 0):
 PSYoungGen      total 18432K, used 18418K [0x00000000eab00000, 0x00000000ecf00000, 0x0000000100000000)
  eden space 15872K, 100% used [0x00000000eab00000,0x00000000eba80000,0x00000000eba80000)
  from space 2560K, 99% used [0x00000000eba80000,0x00000000ebcfcb70,0x00000000ebd00000)
  to   space 2560K, 0% used [0x00000000ecc80000,0x00000000ecc80000,0x00000000ecf00000)
 ParOldGen       total 42496K, used 2256K [0x00000000c0000000, 0x00000000c2980000, 0x00000000eab00000)
  object space 42496K, 5% used [0x00000000c0000000,0x00000000c0234148,0x00000000c2980000)
 Metaspace       used 10183K, capacity 10548K, committed 10752K, reserved 1058816K
  class space    used 1384K, capacity 1490K, committed 1536K, reserved 1048576K
Event: 2.442 GC heap after
Heap after GC invocations=4 (full 0):
 PSYoungGen      total 34304K, used 2532K [0x00000000eab00000, 0x00000000ecf00000, 0x0000000100000000)
  eden space 31744K, 0% used [0x00000000eab00000,0x00000000eab00000,0x00000000eca00000)
  from space 2560K, 98% used [0x00000000ecc80000,0x00000000ecef9080,0x00000000ecf00000)
  to   space 2560K, 0% used [0x00000000eca00000,0x00000000eca00000,0x00000000ecc80000)
 ParOldGen       total 42496K, used 3827K [0x00000000c0000000, 0x00000000c2980000, 0x00000000eab00000)
  object space 42496K, 9% used [0x00000000c0000000,0x00000000c03bce20,0x00000000c2980000)
 Metaspace       used 10183K, capacity 10548K, committed 10752K, reserved 1058816K
  class space    used 1384K, capacity 1490K, committed 1536K, reserved 1048576K
}
Event: 5.108 GC heap before
{Heap before GC invocations=5 (full 0):
 PSYoungGen      total 34304K, used 34276K [0x00000000eab00000, 0x00000000ecf00000, 0x0000000100000000)
  eden space 31744K, 100% used [0x00000000eab00000,0x00000000eca00000,0x00000000eca00000)
  from space 2560K, 98% used [0x00000000ecc80000,0x00000000ecef9080,0x00000000ecf00000)
  to   space 2560K, 0% used [0x00000000eca00000,0x00000000eca00000,0x00000000ecc80000)
 ParOldGen       total 42496K, used 3827K [0x00000000c0000000, 0x00000000c2980000, 0x00000000eab00000)
  object space 42496K, 9% used [0x00000000c0000000,0x00000000c03bce20,0x00000000c2980000)
 Metaspace       used 15204K, capacity 15708K, committed 15872K, reserved 1062912K
  class space    used 2089K, capacity 2242K, committed 2304K, reserved 1048576K
Event: 5.147 GC heap after
Heap after GC invocations=5 (full 0):
 PSYoungGen      total 34304K, used 2529K [0x00000000eab00000, 0x00000000ef800000, 0x0000000100000000)
  eden space 31744K, 0% used [0x00000000eab00000,0x00000000eab00000,0x00000000eca00000)
  from space 2560K, 98% used [0x00000000eca00000,0x00000000ecc78560,0x00000000ecc80000)
  to   space 7680K, 0% used [0x00000000ef080000,0x00000000ef080000,0x00000000ef800000)
 ParOldGen       total 42496K, used 9143K [0x00000000c0000000, 0x00000000c2980000, 0x00000000eab00000)
  object space 42496K, 21% used [0x00000000c0000000,0x00000000c08edd58,0x00000000c2980000)
 Metaspace       used 15204K, capacity 15708K, committed 15872K, reserved 1062912K
  class space    used 2089K, capacity 2242K, committed 2304K, reserved 1048576K
}
Event: 6.815 GC heap before
{Heap before GC invocations=6 (full 0):
 PSYoungGen      total 34304K, used 34273K [0x00000000eab00000, 0x00000000ef800000, 0x0000000100000000)
  eden space 31744K, 100% used [0x00000000eab00000,0x00000000eca00000,0x00000000eca00000)
  from space 2560K, 98% used [0x00000000eca00000,0x00000000ecc78560,0x00000000ecc80000)
  to   space 7680K, 0% used [0x00000000ef080000,0x00000000ef080000,0x00000000ef800000)
 ParOldGen       total 42496K, used 9143K [0x00000000c0000000, 0x00000000c2980000, 0x00000000eab00000)
  object space 42496K, 21% used [0x00000000c0000000,0x00000000c08edd58,0x00000000c2980000)
 Metaspace       used 18317K, capacity 18804K, committed 19072K, reserved 1064960K
  class space    used 2482K, capacity 2630K, committed 2688K, reserved 1048576K
Event: 6.849 GC heap after
Heap after GC invocations=6 (full 0):
 PSYoungGen      total 70144K, used 7030K [0x00000000eab00000, 0x00000000efa00000, 0x0000000100000000)
  eden space 62464K, 0% used [0x00000000eab00000,0x00000000eab00000,0x00000000ee800000)
  from space 7680K, 91% used [0x00000000ef080000,0x00000000ef75db90,0x00000000ef800000)
  to   space 8704K, 0% used [0x00000000ee800000,0x00000000ee800000,0x00000000ef080000)
 ParOldGen       total 42496K, used 9151K [0x00000000c0000000, 0x00000000c2980000, 0x00000000eab00000)
  object space 42496K, 21% used [0x00000000c0000000,0x00000000c08efd58,0x00000000c2980000)
 Metaspace       used 18317K, capacity 18804K, committed 19072K, reserved 1064960K
  class space    used 2482K, capacity 2630K, committed 2688K, reserved 1048576K
}
Event: 7.442 GC heap before
{Heap before GC invocations=7 (full 0):
 PSYoungGen      total 70144K, used 69494K [0x00000000eab00000, 0x00000000efa00000, 0x0000000100000000)
  eden space 62464K, 100% used [0x00000000eab00000,0x00000000ee800000,0x00000000ee800000)
  from space 7680K, 91% used [0x00000000ef080000,0x00000000ef75db90,0x00000000ef800000)
  to   space 8704K, 0% used [0x00000000ee800000,0x00000000ee800000,0x00000000ef080000)
 ParOldGen       total 42496K, used 9151K [0x00000000c0000000, 0x00000000c2980000, 0x00000000eab00000)
  object space 42496K, 21% used [0x00000000c0000000,0x00000000c08efd58,0x00000000c2980000)
 Metaspace       used 18499K, capacity 18996K, committed 19328K, reserved 1067008K
  class space    used 2486K, capacity 2630K, committed 2688K, reserved 1048576K
Event: 7.461 GC heap after
Heap after GC invocations=7 (full 0):
 PSYoungGen      total 71168K, used 4408K [0x00000000eab00000, 0x00000000f3500000, 0x0000000100000000)
  eden space 62464K, 0% used [0x00000000eab00000,0x00000000eab00000,0x00000000ee800000)
  from space 8704K, 50% used [0x00000000ee800000,0x00000000eec4e180,0x00000000ef080000)
  to   space 8192K, 0% used [0x00000000f2d00000,0x00000000f2d00000,0x00000000f3500000)
 ParOldGen       total 42496K, used 10014K [0x00000000c0000000, 0x00000000c2980000, 0x00000000eab00000)
  object space 42496K, 23% used [0x00000000c0000000,0x00000000c09c7868,0x00000000c2980000)
 Metaspace       used 18499K, capacity 18996K, committed 19328K, reserved 1067008K
  class space    used 2486K, capacity 2630K, committed 2688K, reserved 1048576K
}

